[2022-08-07 14:48:26] local.ERROR: The "-s" option does not exist. {"exception":"[object] (Symfony\\Component\\Console\\Exception\\RuntimeException(code: 0): The \"-s\" option does not exist. at /var/www/portfolio/server/vendor/symfony/console/Input/ArgvInput.php:122)
[stacktrace]
#0 /var/www/portfolio/server/vendor/symfony/console/Input/ArgvInput.php(104): Symfony\\Component\\Console\\Input\\ArgvInput->parseShortOptionSet()
#1 /var/www/portfolio/server/vendor/symfony/console/Input/ArgvInput.php(84): Symfony\\Component\\Console\\Input\\ArgvInput->parseShortOption()
#2 /var/www/portfolio/server/vendor/symfony/console/Input/ArgvInput.php(71): Symfony\\Component\\Console\\Input\\ArgvInput->parseToken()
#3 /var/www/portfolio/server/vendor/symfony/console/Input/Input.php(55): Symfony\\Component\\Console\\Input\\ArgvInput->parse()
#4 /var/www/portfolio/server/vendor/symfony/console/Command/Command.php(257): Symfony\\Component\\Console\\Input\\Input->bind()
#5 /var/www/portfolio/server/vendor/laravel/framework/src/Illuminate/Console/Command.php(121): Symfony\\Component\\Console\\Command\\Command->run()
#6 /var/www/portfolio/server/vendor/symfony/console/Application.php(1024): Illuminate\\Console\\Command->run()
#7 /var/www/portfolio/server/vendor/symfony/console/Application.php(299): Symfony\\Component\\Console\\Application->doRunCommand()
#8 /var/www/portfolio/server/vendor/symfony/console/Application.php(171): Symfony\\Component\\Console\\Application->doRun()
#9 /var/www/portfolio/server/vendor/laravel/framework/src/Illuminate/Console/Application.php(94): Symfony\\Component\\Console\\Application->run()
#10 /var/www/portfolio/server/vendor/laravel/framework/src/Illuminate/Foundation/Console/Kernel.php(129): Illuminate\\Console\\Application->run()
#11 /var/www/portfolio/server/artisan(37): Illuminate\\Foundation\\Console\\Kernel->handle()
#12 {main}
"} 
[2022-08-07 14:48:37] local.ERROR: SQLSTATE[HY000] [1698] Access denied for user 'root'@'localhost' (SQL: select * from information_schema.tables where table_schema = reactcommerce and table_name = migrations and table_type = 'BASE TABLE') {"exception":"[object] (Illuminate\\Database\\QueryException(code: 1698): SQLSTATE[HY000] [1698] Access denied for user 'root'@'localhost' (SQL: select * from information_schema.tables where table_schema = reactcommerce and table_name = migrations and table_type = 'BASE TABLE') at /var/www/portfolio/server/vendor/laravel/framework/src/Illuminate/Database/Connection.php:712)
[stacktrace]
#0 /var/www/portfolio/server/vendor/laravel/framework/src/Illuminate/Database/Connection.php(672): Illuminate\\Database\\Connection->runQueryCallback()
#1 /var/www/portfolio/server/vendor/laravel/framework/src/Illuminate/Database/Connection.php(376): Illuminate\\Database\\Connection->run()
#2 /var/www/portfolio/server/vendor/laravel/framework/src/Illuminate/Database/Schema/MySqlBuilder.php(44): Illuminate\\Database\\Connection->select()
#3 /var/www/portfolio/server/vendor/laravel/framework/src/Illuminate/Database/Migrations/DatabaseMigrationRepository.php(169): Illuminate\\Database\\Schema\\MySqlBuilder->hasTable()
#4 /var/www/portfolio/server/vendor/laravel/framework/src/Illuminate/Database/Migrations/Migrator.php(673): Illuminate\\Database\\Migrations\\DatabaseMigrationRepository->repositoryExists()
#5 /var/www/portfolio/server/vendor/laravel/framework/src/Illuminate/Database/Console/Migrations/ResetCommand.php(62): Illuminate\\Database\\Migrations\\Migrator->repositoryExists()
#6 /var/www/portfolio/server/vendor/laravel/framework/src/Illuminate/Database/Migrations/Migrator.php(606): Illuminate\\Database\\Console\\Migrations\\ResetCommand->Illuminate\\Database\\Console\\Migrations\\{closure}()
#7 /var/www/portfolio/server/vendor/laravel/framework/src/Illuminate/Database/Console/Migrations/ResetCommand.php(69): Illuminate\\Database\\Migrations\\Migrator->usingConnection()
#8 /var/www/portfolio/server/vendor/laravel/framework/src/Illuminate/Container/BoundMethod.php(36): Illuminate\\Database\\Console\\Migrations\\ResetCommand->handle()
#9 /var/www/portfolio/server/vendor/laravel/framework/src/Illuminate/Container/Util.php(40): Illuminate\\Container\\BoundMethod::Illuminate\\Container\\{closure}()
#10 /var/www/portfolio/server/vendor/laravel/framework/src/Illuminate/Container/BoundMethod.php(93): Illuminate\\Container\\Util::unwrapIfClosure()
#11 /var/www/portfolio/server/vendor/laravel/framework/src/Illuminate/Container/BoundMethod.php(37): Illuminate\\Container\\BoundMethod::callBoundMethod()
#12 /var/www/portfolio/server/vendor/laravel/framework/src/Illuminate/Container/Container.php(653): Illuminate\\Container\\BoundMethod::call()
#13 /var/www/portfolio/server/vendor/laravel/framework/src/Illuminate/Console/Command.php(136): Illuminate\\Container\\Container->call()
#14 /var/www/portfolio/server/vendor/symfony/console/Command/Command.php(298): Illuminate\\Console\\Command->execute()
#15 /var/www/portfolio/server/vendor/laravel/framework/src/Illuminate/Console/Command.php(121): Symfony\\Component\\Console\\Command\\Command->run()
#16 /var/www/portfolio/server/vendor/laravel/framework/src/Illuminate/Console/Concerns/CallsCommands.php(68): Illuminate\\Console\\Command->run()
#17 /var/www/portfolio/server/vendor/laravel/framework/src/Illuminate/Console/Concerns/CallsCommands.php(28): Illuminate\\Console\\Command->runCommand()
#18 /var/www/portfolio/server/vendor/laravel/framework/src/Illuminate/Database/Console/Migrations/RefreshCommand.php(110): Illuminate\\Console\\Command->call()
#19 /var/www/portfolio/server/vendor/laravel/framework/src/Illuminate/Database/Console/Migrations/RefreshCommand.php(55): Illuminate\\Database\\Console\\Migrations\\RefreshCommand->runReset()
#20 /var/www/portfolio/server/vendor/laravel/framework/src/Illuminate/Container/BoundMethod.php(36): Illuminate\\Database\\Console\\Migrations\\RefreshCommand->handle()
#21 /var/www/portfolio/server/vendor/laravel/framework/src/Illuminate/Container/Util.php(40): Illuminate\\Container\\BoundMethod::Illuminate\\Container\\{closure}()
#22 /var/www/portfolio/server/vendor/laravel/framework/src/Illuminate/Container/BoundMethod.php(93): Illuminate\\Container\\Util::unwrapIfClosure()
#23 /var/www/portfolio/server/vendor/laravel/framework/src/Illuminate/Container/BoundMethod.php(37): Illuminate\\Container\\BoundMethod::callBoundMethod()
#24 /var/www/portfolio/server/vendor/laravel/framework/src/Illuminate/Container/Container.php(653): Illuminate\\Container\\BoundMethod::call()
#25 /var/www/portfolio/server/vendor/laravel/framework/src/Illuminate/Console/Command.php(136): Illuminate\\Container\\Container->call()
#26 /var/www/portfolio/server/vendor/symfony/console/Command/Command.php(298): Illuminate\\Console\\Command->execute()
#27 /var/www/portfolio/server/vendor/laravel/framework/src/Illuminate/Console/Command.php(121): Symfony\\Component\\Console\\Command\\Command->run()
#28 /var/www/portfolio/server/vendor/symfony/console/Application.php(1024): Illuminate\\Console\\Command->run()
#29 /var/www/portfolio/server/vendor/symfony/console/Application.php(299): Symfony\\Component\\Console\\Application->doRunCommand()
#30 /var/www/portfolio/server/vendor/symfony/console/Application.php(171): Symfony\\Component\\Console\\Application->doRun()
#31 /var/www/portfolio/server/vendor/laravel/framework/src/Illuminate/Console/Application.php(94): Symfony\\Component\\Console\\Application->run()
#32 /var/www/portfolio/server/vendor/laravel/framework/src/Illuminate/Foundation/Console/Kernel.php(129): Illuminate\\Console\\Application->run()
#33 /var/www/portfolio/server/artisan(37): Illuminate\\Foundation\\Console\\Kernel->handle()
#34 {main}

[previous exception] [object] (PDOException(code: 1698): SQLSTATE[HY000] [1698] Access denied for user 'root'@'localhost' at /var/www/portfolio/server/vendor/laravel/framework/src/Illuminate/Database/Connectors/Connector.php:70)
[stacktrace]
#0 /var/www/portfolio/server/vendor/laravel/framework/src/Illuminate/Database/Connectors/Connector.php(70): PDO->__construct()
#1 /var/www/portfolio/server/vendor/laravel/framework/src/Illuminate/Database/Connectors/Connector.php(46): Illuminate\\Database\\Connectors\\Connector->createPdoConnection()
#2 /var/www/portfolio/server/vendor/laravel/framework/src/Illuminate/Database/Connectors/MySqlConnector.php(24): Illuminate\\Database\\Connectors\\Connector->createConnection()
#3 /var/www/portfolio/server/vendor/laravel/framework/src/Illuminate/Database/Connectors/ConnectionFactory.php(184): Illuminate\\Database\\Connectors\\MySqlConnector->connect()
#4 [internal function]: Illuminate\\Database\\Connectors\\ConnectionFactory->Illuminate\\Database\\Connectors\\{closure}()
#5 /var/www/portfolio/server/vendor/laravel/framework/src/Illuminate/Database/Connection.php(1064): call_user_func()
#6 /var/www/portfolio/server/vendor/laravel/framework/src/Illuminate/Database/Connection.php(1100): Illuminate\\Database\\Connection->getPdo()
#7 /var/www/portfolio/server/vendor/laravel/framework/src/Illuminate/Database/Connection.php(442): Illuminate\\Database\\Connection->getReadPdo()
#8 /var/www/portfolio/server/vendor/laravel/framework/src/Illuminate/Database/Connection.php(368): Illuminate\\Database\\Connection->getPdoForSelect()
#9 /var/www/portfolio/server/vendor/laravel/framework/src/Illuminate/Database/Connection.php(705): Illuminate\\Database\\Connection->Illuminate\\Database\\{closure}()
#10 /var/www/portfolio/server/vendor/laravel/framework/src/Illuminate/Database/Connection.php(672): Illuminate\\Database\\Connection->runQueryCallback()
#11 /var/www/portfolio/server/vendor/laravel/framework/src/Illuminate/Database/Connection.php(376): Illuminate\\Database\\Connection->run()
#12 /var/www/portfolio/server/vendor/laravel/framework/src/Illuminate/Database/Schema/MySqlBuilder.php(44): Illuminate\\Database\\Connection->select()
#13 /var/www/portfolio/server/vendor/laravel/framework/src/Illuminate/Database/Migrations/DatabaseMigrationRepository.php(169): Illuminate\\Database\\Schema\\MySqlBuilder->hasTable()
#14 /var/www/portfolio/server/vendor/laravel/framework/src/Illuminate/Database/Migrations/Migrator.php(673): Illuminate\\Database\\Migrations\\DatabaseMigrationRepository->repositoryExists()
#15 /var/www/portfolio/server/vendor/laravel/framework/src/Illuminate/Database/Console/Migrations/ResetCommand.php(62): Illuminate\\Database\\Migrations\\Migrator->repositoryExists()
#16 /var/www/portfolio/server/vendor/laravel/framework/src/Illuminate/Database/Migrations/Migrator.php(606): Illuminate\\Database\\Console\\Migrations\\ResetCommand->Illuminate\\Database\\Console\\Migrations\\{closure}()
#17 /var/www/portfolio/server/vendor/laravel/framework/src/Illuminate/Database/Console/Migrations/ResetCommand.php(69): Illuminate\\Database\\Migrations\\Migrator->usingConnection()
#18 /var/www/portfolio/server/vendor/laravel/framework/src/Illuminate/Container/BoundMethod.php(36): Illuminate\\Database\\Console\\Migrations\\ResetCommand->handle()
#19 /var/www/portfolio/server/vendor/laravel/framework/src/Illuminate/Container/Util.php(40): Illuminate\\Container\\BoundMethod::Illuminate\\Container\\{closure}()
#20 /var/www/portfolio/server/vendor/laravel/framework/src/Illuminate/Container/BoundMethod.php(93): Illuminate\\Container\\Util::unwrapIfClosure()
#21 /var/www/portfolio/server/vendor/laravel/framework/src/Illuminate/Container/BoundMethod.php(37): Illuminate\\Container\\BoundMethod::callBoundMethod()
#22 /var/www/portfolio/server/vendor/laravel/framework/src/Illuminate/Container/Container.php(653): Illuminate\\Container\\BoundMethod::call()
#23 /var/www/portfolio/server/vendor/laravel/framework/src/Illuminate/Console/Command.php(136): Illuminate\\Container\\Container->call()
#24 /var/www/portfolio/server/vendor/symfony/console/Command/Command.php(298): Illuminate\\Console\\Command->execute()
#25 /var/www/portfolio/server/vendor/laravel/framework/src/Illuminate/Console/Command.php(121): Symfony\\Component\\Console\\Command\\Command->run()
#26 /var/www/portfolio/server/vendor/laravel/framework/src/Illuminate/Console/Concerns/CallsCommands.php(68): Illuminate\\Console\\Command->run()
#27 /var/www/portfolio/server/vendor/laravel/framework/src/Illuminate/Console/Concerns/CallsCommands.php(28): Illuminate\\Console\\Command->runCommand()
#28 /var/www/portfolio/server/vendor/laravel/framework/src/Illuminate/Database/Console/Migrations/RefreshCommand.php(110): Illuminate\\Console\\Command->call()
#29 /var/www/portfolio/server/vendor/laravel/framework/src/Illuminate/Database/Console/Migrations/RefreshCommand.php(55): Illuminate\\Database\\Console\\Migrations\\RefreshCommand->runReset()
#30 /var/www/portfolio/server/vendor/laravel/framework/src/Illuminate/Container/BoundMethod.php(36): Illuminate\\Database\\Console\\Migrations\\RefreshCommand->handle()
#31 /var/www/portfolio/server/vendor/laravel/framework/src/Illuminate/Container/Util.php(40): Illuminate\\Container\\BoundMethod::Illuminate\\Container\\{closure}()
#32 /var/www/portfolio/server/vendor/laravel/framework/src/Illuminate/Container/BoundMethod.php(93): Illuminate\\Container\\Util::unwrapIfClosure()
#33 /var/www/portfolio/server/vendor/laravel/framework/src/Illuminate/Container/BoundMethod.php(37): Illuminate\\Container\\BoundMethod::callBoundMethod()
#34 /var/www/portfolio/server/vendor/laravel/framework/src/Illuminate/Container/Container.php(653): Illuminate\\Container\\BoundMethod::call()
#35 /var/www/portfolio/server/vendor/laravel/framework/src/Illuminate/Console/Command.php(136): Illuminate\\Container\\Container->call()
#36 /var/www/portfolio/server/vendor/symfony/console/Command/Command.php(298): Illuminate\\Console\\Command->execute()
#37 /var/www/portfolio/server/vendor/laravel/framework/src/Illuminate/Console/Command.php(121): Symfony\\Component\\Console\\Command\\Command->run()
#38 /var/www/portfolio/server/vendor/symfony/console/Application.php(1024): Illuminate\\Console\\Command->run()
#39 /var/www/portfolio/server/vendor/symfony/console/Application.php(299): Symfony\\Component\\Console\\Application->doRunCommand()
#40 /var/www/portfolio/server/vendor/symfony/console/Application.php(171): Symfony\\Component\\Console\\Application->doRun()
#41 /var/www/portfolio/server/vendor/laravel/framework/src/Illuminate/Console/Application.php(94): Symfony\\Component\\Console\\Application->run()
#42 /var/www/portfolio/server/vendor/laravel/framework/src/Illuminate/Foundation/Console/Kernel.php(129): Illuminate\\Console\\Application->run()
#43 /var/www/portfolio/server/artisan(37): Illuminate\\Foundation\\Console\\Kernel->handle()
#44 {main}
"} 
